<?xml version="1.0" encoding="UTF-8"?>
<testng-results skipped="0" failed="0" ignored="0" total="1" passed="1">
  <reporter-output>
  </reporter-output>
  <suite name="Surefire suite" duration-ms="539095" started-at="2019-05-14T06:58:50Z" finished-at="2019-05-14T07:07:49Z">
    <groups>
      <group name="cucumber">
        <method signature="AbstractTestNGCucumberTests.feature(cucumber.api.testng.CucumberFeatureWrapper)[pri:0, instance:Runner.TestRunner@6a2bcfcb]" name="feature" class="cucumber.api.testng.AbstractTestNGCucumberTests"/>
      </group> <!-- cucumber -->
    </groups>
    <test name="Surefire test" duration-ms="539095" started-at="2019-05-14T06:58:50Z" finished-at="2019-05-14T07:07:49Z">
      <class name="Runner.TestRunner">
        <test-method status="PASS" signature="setUpClass()[pri:0, instance:Runner.TestRunner@6a2bcfcb]" name="setUpClass" is-config="true" duration-ms="194" started-at="2019-05-13T23:58:50Z" finished-at="2019-05-13T23:58:50Z">
          <reporter-output>
          </reporter-output>
        </test-method> <!-- setUpClass -->
        <test-method status="PASS" signature="feature(cucumber.api.testng.CucumberFeatureWrapper)[pri:0, instance:Runner.TestRunner@6a2bcfcb]" name="feature" duration-ms="538820" started-at="2019-05-13T23:58:50Z" description="Runs Cucumber Feature" data-provider="features" finished-at="2019-05-14T00:07:49Z">
          <params>
            <param index="0">
              <value>
                <![CDATA[AMA-EB Login]]>
              </value>
            </param>
          </params>
          <reporter-output>
          </reporter-output>
        </test-method> <!-- feature -->
        <test-method status="PASS" signature="tearDownClass()[pri:0, instance:Runner.TestRunner@6a2bcfcb]" name="tearDownClass" is-config="true" duration-ms="11" started-at="2019-05-14T00:07:49Z" finished-at="2019-05-14T00:07:49Z">
          <reporter-output>
          </reporter-output>
        </test-method> <!-- tearDownClass -->
      </class> <!-- Runner.TestRunner -->
    </test> <!-- Surefire test -->
  </suite> <!-- Surefire suite -->
</testng-results>
